\BOOKMARK [0][-]{section*.4}{\376\377\006\101\006\107\006\061\006\063\006\052\000\040\006\047\006\064\006\251\006\047\006\104}{}% 1
\BOOKMARK [0][-]{section*.5}{\376\377\006\101\006\107\006\061\006\063\006\052\000\040\006\054\006\057\006\047\006\110\006\104}{}% 2
\BOOKMARK [0][-]{chapter.1}{\376\377\006\105\006\102\006\057\006\105\006\107}{}% 3
\BOOKMARK [1][-]{section.1.1}{\376\377\006\105\006\102\006\057\006\105\006\107}{chapter.1}% 4
\BOOKMARK [1][-]{section.1.2}{\376\377\006\052\006\071\006\061\006\314\006\101\000\040\006\105\006\063\006\046\006\104\006\107}{chapter.1}% 5
\BOOKMARK [1][-]{section.1.3}{\376\377\006\251\006\047\006\061\006\107\006\047\006\314\000\040\006\105\006\064\006\047\006\050\006\107}{chapter.1}% 6
\BOOKMARK [0][-]{chapter.2}{\376\377\006\052\006\251\006\106\006\110\006\104\006\110\006\230\006\314\040\014\006\107\006\047\006\314\000\040\006\047\006\063\006\052\006\101\006\047\006\057\006\107\040\014\006\064\006\057\006\107}{}% 7
\BOOKMARK [1][-]{section.2.1}{\376\377\040\014\040\014\006\062\006\050\006\047\006\106\000\040\006\050\006\061\006\106\006\047\006\105\006\107\040\014\006\106\006\110\006\314\006\063\006\314}{chapter.2}% 8
\BOOKMARK [2][-]{subsection.2.1.1}{\376\377\006\062\006\050\006\047\006\106\000\040\006\050\006\061\006\106\006\047\006\105\006\107\040\014\006\106\006\110\006\314\006\063\006\314\000\040\006\176\006\047\006\314\006\052\006\110\006\106}{section.2.1}% 9
\BOOKMARK [1][-]{section.2.2}{\376\377\006\206\006\047\006\061\006\206\006\110\006\050\040\014\006\107\006\047\000\040\006\110\000\040\006\251\006\052\006\047\006\050\040\014\006\056\006\047\006\106\006\107\040\014\006\107\006\047}{chapter.2}% 10
\BOOKMARK [2][-]{subsection.2.2.1}{\376\377\006\206\006\047\006\061\006\206\006\110\006\050\000\040\000F\000a\000s\000t\000A\000P\000I}{section.2.2}% 11
\BOOKMARK [2][-]{subsection.2.2.2}{\376\377\006\251\006\052\006\047\006\050\040\014\006\056\006\047\006\106\006\107\040\014\006\314\000\040\000N\000u\000m\000P\000y}{section.2.2}% 12
\BOOKMARK [2][-]{subsection.2.2.3}{\376\377\006\251\006\052\006\047\006\050\040\014\006\056\006\047\006\106\006\107\040\014\006\314\000\040\000S\000c\000i\000k\000i\000t\000-\000L\000e\000a\000r\000n}{section.2.2}% 13
\BOOKMARK [2][-]{subsection.2.2.4}{\376\377\006\251\006\052\006\047\006\050\040\014\006\056\006\047\006\106\006\107\040\014\040\014\006\107\006\047\006\314\000\040\006\054\006\047\006\106\006\050\006\314}{section.2.2}% 14
\BOOKMARK [1][-]{section.2.3}{\376\377\006\176\006\047\006\314\006\257\006\047\006\107\000\040\006\057\006\047\006\057\006\107\040\014\006\314\000\040\006\061\006\047\006\050\006\067\006\107\040\014\006\047\006\314}{chapter.2}% 15
\BOOKMARK [1][-]{section.2.4}{\376\377\006\057\006\047\006\251\006\061}{chapter.2}% 16
\BOOKMARK [1][-]{section.2.5}{\376\377\006\054\006\105\006\071\040\014\006\050\006\106\006\057\006\314\000\040\006\110\000\040\006\106\006\052\006\314\006\054\006\107\040\014\006\257\006\314\006\061\006\314}{chapter.2}% 17
\BOOKMARK [0][-]{chapter.3}{\376\377\006\047\006\063\006\052\006\102\006\061\006\047\006\061\000\040\006\105\006\057\006\104\000\040\006\314\006\047\006\057\006\257\006\314\006\061\006\314\000\040\006\105\006\047\006\064\006\314\006\106}{}% 18
\BOOKMARK [1][-]{section.3.1}{\376\377\006\062\006\314\006\061\006\063\006\047\006\056\006\052\000\040\006\050\006\107\000\040\006\071\006\106\006\110\006\047\006\106\000\040\006\056\006\057\006\105\006\052}{chapter.3}% 19
\BOOKMARK [1][-]{section.3.2}{\376\377\006\061\006\110\006\064\040\014\000\040\006\047\006\063\006\052\006\102\006\061\006\047\006\061\000\040\006\105\006\057\006\104}{chapter.3}% 20
\BOOKMARK [1][-]{section.3.3}{\376\377\006\054\006\105\006\071\040\014\006\050\006\106\006\057\006\314\000\040\006\110\000\040\006\106\006\052\006\314\006\054\006\107\040\014\006\257\006\314\006\061\006\314}{chapter.3}% 21
\BOOKMARK [0][-]{chapter.4}{\376\377\006\176\006\314\006\047\006\057\006\107\040\014\006\063\006\047\006\062\006\314\000\040\006\063\006\314\006\063\006\052\006\105}{}% 22
\BOOKMARK [1][-]{section.4.1}{\376\377\006\105\006\071\006\105\006\047\006\061\006\314\000\040\006\105\006\047\006\314\006\251\006\061\006\110\006\063\006\061\006\110\006\314\006\063}{chapter.4}% 23
\BOOKMARK [2][-]{subsection.4.1.1}{\376\377\006\057\006\047\006\251\006\061\000\040\006\110\000\040\006\057\006\047\006\251\006\061\006\251\006\047\006\105\006\176\006\110\006\062}{section.4.1}% 24
\BOOKMARK [2][-]{subsection.4.1.2}{\376\377\006\063\006\061\006\110\006\314\006\063\000\040\006\251\006\047\006\061\006\257\006\062\006\047\006\061\000\040\006\047\006\065\006\104\006\314}{section.4.1}% 25
\BOOKMARK [2][-]{subsection.4.1.3}{\376\377\006\063\006\061\006\110\006\314\006\063\040\014\006\107\006\047\006\314\000\040\006\176\006\047\006\314\006\257\006\047\006\107\000\040\006\057\006\047\006\057\006\107}{section.4.1}% 26
\BOOKMARK [1][-]{section.4.2}{\376\377\006\105\006\071\006\105\006\047\006\061\006\314\000\040\006\063\006\314\006\063\006\052\006\105}{chapter.4}% 27
\BOOKMARK [2][-]{subsection.4.2.1}{\376\377\006\050\006\063\006\052\006\107\040\014\006\314\000\040\000a\000u\000t\000h}{section.4.2}% 28
\BOOKMARK [2][-]{subsection.4.2.2}{\376\377\006\050\006\063\006\052\006\107\040\014\006\314\000\040\000i\000n\000f\000l\000u\000x\000d\000b}{section.4.2}% 29
\BOOKMARK [2][-]{subsection.4.2.3}{\376\377\006\050\006\063\006\052\006\107\040\014\006\314\000\040\000m\000o\000d\000e\000l\000s}{section.4.2}% 30
\BOOKMARK [2][-]{subsection.4.2.4}{\376\377\006\050\006\063\006\052\006\107\040\014\006\314\000\040\000p\000o\000s\000t\000g\000r\000e\000s\000d\000b}{section.4.2}% 31
\BOOKMARK [2][-]{subsection.4.2.5}{\376\377\006\050\006\063\006\052\006\107\040\014\006\314\000\040\000r\000o\000u\000t\000e\000r\000s}{section.4.2}% 32
\BOOKMARK [2][-]{subsection.4.2.6}{\376\377\006\050\006\063\006\052\006\107\040\014\006\314\000\040\000u\000t\000i\000l\000s}{section.4.2}% 33
\BOOKMARK [1][-]{section.4.3}{\376\377\006\176\006\047\006\314\006\257\006\047\006\107\000\040\006\057\006\047\006\057\006\107\040\014\006\314\000\040\006\061\006\047\006\050\006\067\006\107\040\014\006\047\006\314}{chapter.4}% 34
\BOOKMARK [1][-]{section.4.4}{\376\377\006\047\006\105\006\106\006\314\006\052}{chapter.4}% 35
\BOOKMARK [2][-]{subsection.4.4.1}{\376\377\006\047\006\055\006\061\006\047\006\062\000\040\006\107\006\110\006\314\006\121\006\052}{section.4.4}% 36
\BOOKMARK [2][-]{subsection.4.4.2}{\376\377\006\052\006\047\006\314\006\314\006\057\000\040\006\105\006\057\006\314\006\061\006\047\006\106\000\040\006\110\000\040\006\057\006\061\006\110\006\047\006\062\006\107\040\014\006\107\006\047}{section.4.4}% 37
\BOOKMARK [1][-]{section.4.5}{\376\377\006\054\006\105\006\071\040\014\006\050\006\106\006\057\006\314\000\040\006\110\000\040\006\106\006\052\006\314\006\054\006\107\040\014\006\257\006\314\006\061\006\314}{chapter.4}% 38
\BOOKMARK [0][-]{chapter.5}{\376\377\006\176\006\314\006\047\006\057\006\107\040\014\006\063\006\047\006\062\006\314\000\040\006\110\000\040\006\052\006\110\006\063\006\071\006\107\000\040\006\105\006\057\006\104\000\040\006\314\006\047\006\057\006\257\006\314\006\061\006\314\000\040\006\105\006\047\006\064\006\314\006\106}{}% 39
\BOOKMARK [1][-]{section.5.1}{\376\377\006\052\006\110\006\066\006\314\006\055\000\040\006\105\006\063\006\046\006\104\006\107}{chapter.5}% 40
\BOOKMARK [1][-]{section.5.2}{\376\377\006\176\006\314\006\064\040\014\006\176\006\061\006\057\006\047\006\062\006\064}{chapter.5}% 41
\BOOKMARK [2][-]{subsection.5.2.1}{\376\377\006\047\006\062\000\040\006\050\006\314\006\106\000\040\006\050\006\061\006\057\006\106\000\040\006\047\006\106\006\055\006\061\006\047\006\101\006\047\006\052}{section.5.2}% 42
\BOOKMARK [2][-]{subsection.5.2.2}{\376\377\006\047\006\062\000\040\006\050\006\314\006\106\000\040\006\050\006\061\006\057\006\106\000\040\006\057\006\047\006\057\006\107\040\014\006\107\006\047\006\314\000\040\006\176\006\061\006\052}{section.5.2}% 43
\BOOKMARK [2][-]{subsection.5.2.3}{\376\377\006\047\006\063\006\052\006\056\006\061\006\047\006\054\000\040\006\110\006\314\006\230\006\257\006\314\040\014\006\107\006\047}{section.5.2}% 44
\BOOKMARK [1][-]{section.5.3}{\376\377\006\106\006\055\006\110\006\107\040\014\006\314\000\040\006\314\006\047\006\057\006\257\006\314\006\061\006\314\000\040\006\105\006\057\006\104}{chapter.5}% 45
\BOOKMARK [2][-]{subsection.5.3.1}{\376\377\006\105\006\055\006\047\006\063\006\050\006\107\040\014\006\314\000\040\006\105\006\064\006\047\006\050\006\107\006\052\000\040\006\050\006\314\006\106\000\040\006\110\006\066\006\071\006\314\006\052\000\040\006\057\006\063\006\052\006\257\006\047\006\107\040\014\006\107\006\047}{section.5.3}% 46
\BOOKMARK [2][-]{subsection.5.3.2}{\376\377\006\176\006\314\006\047\006\057\006\107\040\014\006\251\006\061\006\057\006\106\000\040\006\105\006\057\006\104}{section.5.3}% 47
\BOOKMARK [1][-]{section.5.4}{\376\377\006\054\006\105\006\071\040\014\006\050\006\106\006\057\006\314\000\040\006\110\000\040\006\106\006\052\006\314\006\054\006\107\040\014\006\257\006\314\006\061\006\314}{chapter.5}% 48
\BOOKMARK [0][-]{chapter.6}{\376\377\006\206\006\047\006\104\006\064\040\014\006\107\006\047\000\040\006\110\000\040\006\105\006\055\006\057\006\110\006\057\006\314\006\052\040\014\006\107\006\047}{}% 49
\BOOKMARK [1][-]{section.6.1}{\376\377\006\206\006\047\006\104\006\064\040\014\006\107\006\047}{chapter.6}% 50
\BOOKMARK [1][-]{section.6.2}{\376\377\006\105\006\055\006\057\006\110\006\057\006\314\006\052\040\014\006\107\006\047}{chapter.6}% 51
\BOOKMARK [0][-]{chapter.7}{\376\377\006\054\006\105\006\071\040\014\006\050\006\106\006\057\006\314\006\014\000\040\006\106\006\052\006\314\006\054\006\107\040\014\006\257\006\314\006\061\006\314\000\040\006\110\000\040\006\176\006\314\006\064\006\106\006\107\006\047\006\057\006\047\006\052}{}% 52
\BOOKMARK [1][-]{section.7.1}{\376\377\006\054\006\105\006\071\040\014\006\050\006\106\006\057\006\314\000\040\006\110\000\040\006\106\006\052\006\314\006\054\006\107\040\014\006\257\006\314\006\061\006\314}{chapter.7}% 53
\BOOKMARK [1][-]{section.7.2}{\376\377\006\176\006\314\006\064\006\106\006\107\006\047\006\057\006\047\006\052}{chapter.7}% 54
\BOOKMARK [2][-]{subsection.7.2.1}{\376\377\006\176\006\314\006\047\006\057\006\107\040\014\006\251\006\061\006\057\006\106\000\040\006\063\006\314\006\063\006\052\006\105\000\040\006\047\006\061\006\063\006\047\006\104\000\040\006\257\006\062\006\047\006\061\006\064\000\040\006\110\000\040\006\107\006\064\006\057\006\047\006\061\000\040\006\050\006\107\000\040\006\105\006\057\006\314\006\061\006\047\006\106}{section.7.2}% 55
\BOOKMARK [2][-]{subsection.7.2.2}{\376\377\006\052\006\064\006\056\006\314\006\065\000\040\006\106\006\110\006\071\000\040\006\056\006\061\006\047\006\050\006\314}{section.7.2}% 56
\BOOKMARK [2][-]{subsection.7.2.3}{\376\377\006\047\006\101\006\062\006\047\006\314\006\064\000\040\006\057\006\102\006\052\000\040\006\176\006\314\006\064\040\014\006\050\006\314\006\106\006\314}{section.7.2}% 57
\BOOKMARK [0][-]{appendix*.13}{\376\377\006\105\006\106\006\047\006\050\006\071\000\040\006\110\000\040\006\105\006\061\006\047\006\054\006\071}{}% 58
\BOOKMARK [0][-]{appendix*.14}{\376\377\006\176\006\314\006\110\006\063\006\052}{}% 59
